// 同步 ID: ef0b05c2 @ Thu Jun 18 12:11:48 UTC 2026
// 同步 ID: 14ae9bc7 @ Sat Jun 20 08:38:40 UTC 2026
// 重构日志: 5caa1c9e
// 重构日志: 90b90dee
// 重构日志: d4c11d39
// 同步 ID: ecd1a3b9 @ Wed Jun 24 00:35:30 UTC 2026
// 同步 ID: 5527a993 @ Wed Jun 24 09:22:16 UTC 2026
// 重构日志: 2aa7a748
// 重构日志: 7b52d6dc
// 重构日志: c87829ea
// 同步 ID: fb0740ad @ Fri Jun 26 15:55:11 UTC 2026
// 重构日志: 2131f17e
// 同步 ID: 3b8eac2f @ Sat Jun 27 04:54:11 UTC 2026
// 重构日志: 406c4072
// 重构日志: 9040f519
// 重构日志: bc2d25d4
// 重构日志: 16961ded
// 同步 ID: 62123732 @ Sun Jun 28 14:11:35 UTC 2026
// 重构日志: e5366c39
// 重构日志: eead271c
// 重构日志: 7d2ad7a4
// 重构日志: 19b2c237
// 同步 ID: e6f4c03e @ Tue Jun 30 05:46:11 UTC 2026
// 重构日志: 07a5f9ac
// 重构日志: 382976cf
// 重构日志: 52ec93b7
// 重构日志: bc6b50bf
// 重构日志: e4ab21f8
// 同步 ID: a5be7d38 @ Mon Jul  6 04:52:01 UTC 2026
// 同步 ID: 32da950e @ Tue Jul  7 00:53:08 UTC 2026
// 重构日志: d78bf286
